#
# There is insufficient memory for the Java Runtime Environment to continue.
# Native memory allocation (malloc) failed to allocate 1011616 bytes for Chunk::new
# Possible reasons:
#   The system is out of physical RAM or swap space
#   The process is running with CompressedOops enabled, and the Java Heap may be blocking the growth of the native heap
# Possible solutions:
#   Reduce memory load on the system
#   Increase physical memory or swap space
#   Check if swap backing store is full
#   Decrease Java heap size (-Xmx/-Xms)
#   Decrease number of Java threads
#   Decrease Java thread stack sizes (-Xss)
#   Set larger code cache with -XX:ReservedCodeCacheSize=
#   JVM is running with Unscaled Compressed Oops mode in which the Java heap is
#     placed in the first 4GB address space. The Java Heap base address is the
#     maximum limit for the native heap growth. Please use -XX:HeapBaseMinAddress
#     to set the Java Heap base and to place the Java Heap above 4GB virtual address.
# This output file may be truncated or incomplete.
#
#  Out of Memory Error (allocation.cpp:389), pid=11280, tid=0x0000000000003788
#
# JRE version: OpenJDK Runtime Environment (8.0_212-b04) (build 1.8.0_212-release-1586-b04)
# Java VM: OpenJDK 64-Bit Server VM (25.212-b04 mixed mode windows-amd64 compressed oops)
# Failed to write core dump. Minidumps are not enabled by default on client versions of Windows
#

---------------  T H R E A D  ---------------

Current thread (0x00000000182c5800):  JavaThread "C2 CompilerThread1" daemon [_thread_in_native, id=14216, stack(0x0000000019a10000,0x0000000019b10000)]

Stack: [0x0000000019a10000,0x0000000019b10000]
[error occurred during error reporting (printing stack bounds), id 0xc0000005]

Native frames: (J=compiled Java code, j=interpreted, Vv=VM code, C=native code)


Current CompileTask:
C2:3777194 18013       4       com.android.tools.r8.u.c.o::a (1157 bytes)


---------------  P R O C E S S  ---------------

Java Threads: ( => current thread )
  0x000000001e693000 JavaThread "stdout" [_thread_in_native, id=8624, stack(0x000000002c710000,0x000000002c810000)]
  0x000000001e691800 JavaThread "stderr" [_thread_in_native, id=8284, stack(0x000000002c610000,0x000000002c710000)]
  0x000000001e691000 JavaThread "stdout" [_thread_in_native, id=4632, stack(0x000000002c510000,0x000000002c610000)]
  0x000000001e692800 JavaThread "stderr" [_thread_in_native, id=9728, stack(0x000000002c410000,0x000000002c510000)]
  0x000000001e690000 JavaThread "stdout" [_thread_in_native, id=12092, stack(0x000000002c310000,0x000000002c410000)]
  0x000000001e68f800 JavaThread "stderr" [_thread_in_native, id=13596, stack(0x000000002c210000,0x000000002c310000)]
  0x000000001e694800 JavaThread "WorkerExecutor Queue Thread 8" [_thread_blocked, id=12840, stack(0x000000002c110000,0x000000002c210000)]
  0x0000000022af7000 JavaThread "WorkerExecutor Queue Thread 7" [_thread_blocked, id=11036, stack(0x000000002c010000,0x000000002c110000)]
  0x0000000022af2000 JavaThread "WorkerExecutor Queue Thread 5" [_thread_blocked, id=6620, stack(0x000000002be10000,0x000000002bf10000)]
  0x0000000022af3000 JavaThread "WorkerExecutor Queue Thread 4" [_thread_blocked, id=6068, stack(0x000000002bd10000,0x000000002be10000)]
  0x0000000022af1800 JavaThread "WorkerExecutor Queue Thread 3" [_thread_blocked, id=8540, stack(0x000000002bc10000,0x000000002bd10000)]
  0x0000000022af5800 JavaThread "WorkerExecutor Queue Thread 2" [_thread_blocked, id=9540, stack(0x000000002bb10000,0x000000002bc10000)]
  0x0000000022af4000 JavaThread "WorkerExecutor Queue" [_thread_blocked, id=4832, stack(0x000000002af90000,0x000000002b090000)]
  0x0000000022af0800 JavaThread "stdout" [_thread_in_native, id=7996, stack(0x000000002b690000,0x000000002b790000)]
  0x0000000022af7800 JavaThread "stderr" [_thread_in_native, id=1300, stack(0x000000002b590000,0x000000002b690000)]
  0x0000000022ae9000 JavaThread "stdout" [_thread_in_native, id=4248, stack(0x000000002b490000,0x000000002b590000)]
  0x0000000022aea800 JavaThread "stderr" [_thread_in_native, id=14332, stack(0x000000002b390000,0x000000002b490000)]
  0x0000000022af0000 JavaThread "stdout" [_thread_in_native, id=6600, stack(0x000000002b290000,0x000000002b390000)]
  0x0000000022aed800 JavaThread "stderr" [_thread_in_native, id=11816, stack(0x000000002b190000,0x000000002b290000)]
  0x0000000022aef000 JavaThread "pool-15-thread-1" [_thread_blocked, id=9596, stack(0x000000002b090000,0x000000002b190000)]
  0x0000000022aed000 JavaThread "Cache worker for execution history cache (C:\Users\M.S.I\AndroidStudioProjects\Pertemuan5\.gradle\5.6.4\executionHistory)" [_thread_blocked, id=11748, stack(0x000000002aa70000,0x000000002ab70000)]
  0x0000000022aee800 JavaThread "Execution worker for ':' Thread 11" [_thread_in_Java, id=7788, stack(0x000000002a770000,0x000000002a870000)]
  0x0000000019f94800 JavaThread "Execution worker for ':' Thread 10" [_thread_blocked, id=12128, stack(0x0000000029650000,0x0000000029750000)]
  0x0000000019f93000 JavaThread "Execution worker for ':' Thread 9" [_thread_in_Java, id=9024, stack(0x0000000029550000,0x0000000029650000)]
  0x0000000019f95800 JavaThread "Execution worker for ':' Thread 8" [_thread_in_Java, id=13912, stack(0x0000000029450000,0x0000000029550000)]
  0x0000000019f91800 JavaThread "Execution worker for ':' Thread 7" [_thread_blocked, id=4956, stack(0x0000000029350000,0x0000000029450000)]
  0x00000000214ff800 JavaThread "Execution worker for ':' Thread 6" [_thread_blocked, id=8252, stack(0x0000000029250000,0x0000000029350000)]
  0x00000000214f9800 JavaThread "Execution worker for ':' Thread 5" [_thread_in_native, id=12152, stack(0x0000000029150000,0x0000000029250000)]
  0x00000000214f8000 JavaThread "Execution worker for ':' Thread 4" [_thread_in_Java, id=8680, stack(0x0000000029050000,0x0000000029150000)]
  0x00000000214ff000 JavaThread "Execution worker for ':' Thread 3" [_thread_in_Java, id=9756, stack(0x0000000028f50000,0x0000000029050000)]
  0x00000000214fb000 JavaThread "Execution worker for ':' Thread 2" [_thread_in_Java, id=6012, stack(0x0000000027c50000,0x0000000027d50000)]
  0x00000000214fd800 JavaThread "Execution worker for ':'" [_thread_in_Java, id=8016, stack(0x0000000027140000,0x0000000027240000)]
  0x00000000214fc000 JavaThread "Cache worker for file content cache (C:\Users\M.S.I\AndroidStudioProjects\Pertemuan5\.gradle\5.6.4\fileContent)" [_thread_blocked, id=13688, stack(0x00000000261e0000,0x00000000262e0000)]
  0x00000000214fc800 JavaThread "Cache worker for file content cache (C:\Users\M.S.I\.gradle\caches\5.6.4\fileContent)" [_thread_blocked, id=9680, stack(0x00000000259e0000,0x0000000025ae0000)]
  0x00000000214f0800 JavaThread "Cache worker for Build Output Cleanup Cache (C:\Users\M.S.I\AndroidStudioProjects\Pertemuan5\.gradle\buildOutputCleanup)" [_thread_blocked, id=8480, stack(0x00000000258e0000,0x00000000259e0000)]
  0x00000000214f7800 JavaThread "Build operations Thread 12" [_thread_blocked, id=13744, stack(0x00000000257e0000,0x00000000258e0000)]
  0x00000000214f5000 JavaThread "Build operations Thread 11" [_thread_blocked, id=7056, stack(0x00000000256e0000,0x00000000257e0000)]
  0x00000000214f2000 JavaThread "Build operations Thread 10" [_thread_blocked, id=8416, stack(0x00000000255e0000,0x00000000256e0000)]
  0x00000000214f4800 JavaThread "Build operations Thread 9" [_thread_blocked, id=13052, stack(0x00000000254e0000,0x00000000255e0000)]
  0x00000000214f3000 JavaThread "Build operations Thread 8" [_thread_blocked, id=13504, stack(0x00000000253e0000,0x00000000254e0000)]
  0x00000000214f1800 JavaThread "Build operations Thread 7" [_thread_blocked, id=11016, stack(0x00000000252e0000,0x00000000253e0000)]
  0x00000000214f6800 JavaThread "Build operations Thread 6" [_thread_blocked, id=10624, stack(0x00000000251e0000,0x00000000252e0000)]
  0x000000001e476800 JavaThread "Build operations Thread 5" [_thread_blocked, id=2480, stack(0x00000000250e0000,0x00000000251e0000)]
  0x000000001e475800 JavaThread "Build operations Thread 4" [_thread_blocked, id=5124, stack(0x0000000024fe0000,0x00000000250e0000)]
  0x000000001e46b000 JavaThread "Build operations Thread 3" [_thread_blocked, id=10224, stack(0x0000000024ee0000,0x0000000024fe0000)]
  0x000000001e472000 JavaThread "Build operations Thread 2" [_thread_blocked, id=10204, stack(0x0000000021b80000,0x0000000021c80000)]
  0x000000001e46a800 JavaThread "Build operations" [_thread_blocked, id=6176, stack(0x0000000021980000,0x0000000021a80000)]
  0x000000001e471000 JavaThread "Cache worker for cache directory md-rule (C:\Users\M.S.I\.gradle\caches\5.6.4\md-rule)" [_thread_blocked, id=8632, stack(0x00000000203d0000,0x00000000204d0000)]
  0x000000001e470800 JavaThread "Cache worker for cache directory md-supplier (C:\Users\M.S.I\.gradle\caches\5.6.4\md-supplier)" [_thread_blocked, id=6720, stack(0x00000000200d0000,0x00000000201d0000)]
  0x000000001e469000 JavaThread "Cache worker for file hash cache (C:\Users\M.S.I\AndroidStudioProjects\Pertemuan5\.gradle\5.6.4\fileHashes)" [_thread_blocked, id=12088, stack(0x000000001d930000,0x000000001da30000)]
  0x000000001e469800 JavaThread "Thread-58" [_thread_blocked, id=8476, stack(0x000000001d630000,0x000000001d730000)]
  0x000000001e46f800 JavaThread "Stdin handler" [_thread_blocked, id=9460, stack(0x000000001d430000,0x000000001d530000)]
  0x000000001e46f000 JavaThread "Asynchronous log dispatcher for DefaultDaemonConnection: socket connection from /127.0.0.1:50454 to /127.0.0.1:50659" [_thread_blocked, id=3064, stack(0x000000001d130000,0x000000001d230000)]
  0x000000001e467800 JavaThread "Daemon worker Thread 3" [_thread_blocked, id=3132, stack(0x000000001d030000,0x000000001d130000)]
  0x000000001e46c800 JavaThread "Cancel handler" [_thread_blocked, id=8028, stack(0x0000000000f90000,0x0000000001090000)]
  0x000000001e46c000 JavaThread "Handler for socket connection from /127.0.0.1:50454 to /127.0.0.1:50659" [_thread_in_native, id=7968, stack(0x0000000000e90000,0x0000000000f90000)]
  0x000000001e46e000 JavaThread "Daemon Thread 3" [_thread_blocked, id=13708, stack(0x0000000000d90000,0x0000000000e90000)]
  0x00000000214f6000 JavaThread "Memory manager" [_thread_blocked, id=13488, stack(0x0000000026e40000,0x0000000026f40000)]
  0x0000000019f94000 JavaThread "Cache worker for execution history cache (C:\Users\M.S.I\.gradle\caches\5.6.4\executionHistory)" [_thread_blocked, id=716, stack(0x0000000021a80000,0x0000000021b80000)]
  0x0000000019f92800 JavaThread "Cache worker for journal cache (C:\Users\M.S.I\.gradle\caches\journal-1)" [_thread_blocked, id=7436, stack(0x000000001dc30000,0x000000001dd30000)]
  0x0000000019f96000 JavaThread "File lock request listener" [_thread_in_native, id=10992, stack(0x000000001db30000,0x000000001dc30000)]
  0x000000001b46f000 JavaThread "Cache worker for file hash cache (C:\Users\M.S.I\.gradle\caches\5.6.4\fileHashes)" [_thread_blocked, id=3952, stack(0x000000001da30000,0x000000001db30000)]
  0x000000001b922800 JavaThread "Daemon periodic checks" [_thread_blocked, id=10040, stack(0x000000001cf30000,0x000000001d030000)]
  0x000000001b911000 JavaThread "Incoming local TCP Connector on port 50454" [_thread_in_native, id=9616, stack(0x000000001ccf0000,0x000000001cdf0000)]
  0x000000001a021800 JavaThread "Daemon health stats" [_thread_blocked, id=11316, stack(0x000000001c6b0000,0x000000001c7b0000)]
  0x000000001834a800 JavaThread "Service Thread" daemon [_thread_blocked, id=8132, stack(0x0000000019d10000,0x0000000019e10000)]
  0x00000000182ca000 JavaThread "C1 CompilerThread3" daemon [_thread_in_native, id=14256, stack(0x0000000019c10000,0x0000000019d10000)]
  0x00000000182c9000 JavaThread "C2 CompilerThread2" daemon [_thread_in_native, id=2244, stack(0x0000000019b10000,0x0000000019c10000)]
=>0x00000000182c5800 JavaThread "C2 CompilerThread1" daemon [_thread_in_native, id=14216, stack(0x0000000019a10000,0x0000000019b10000)]
  0x00000000182bd000 JavaThread "C2 CompilerThread0" daemon [_thread_in_native, id=11012, stack(0x0000000019910000,0x0000000019a10000)]
  0x00000000182bb800 JavaThread "Attach Listener" daemon [_thread_blocked, id=8412, stack(0x0000000019810000,0x0000000019910000)]
  0x00000000182ba800 JavaThread "Signal Dispatcher" daemon [_thread_blocked, id=12868, stack(0x0000000019710000,0x0000000019810000)]
  0x0000000002c1a000 JavaThread "Finalizer" daemon [_thread_blocked, id=14320, stack(0x0000000019510000,0x0000000019610000)]
  0x0000000016bdc800 JavaThread "Reference Handler" daemon [_thread_blocked, id=6448, stack(0x0000000019410000,0x0000000019510000)]
  0x0000000002a1e000 JavaThread "main" [_thread_blocked, id=3544, stack(0x0000000002a20000,0x0000000002b20000)]

Other Threads:
  0x0000000018292800 VMThread [stack: 0x0000000019310000,0x0000000019410000] [id=7816]
  0x000000001834b000 WatcherThread [stack: 0x0000000019e10000,0x0000000019f10000] [id=9244]

VM state:not at safepoint (normal execution)

VM Mutex/Monitor currently owned by a thread: None

heap address: 0x00000000a0000000, size: 1536 MB, Compressed Oops mode: 32-bit
Narrow klass base: 0x0000000000000000, Narrow klass shift: 3
Compressed class space size: 1073741824 Address: 0x0000000100000000

Heap:
 PSYoungGen      total 478720K, used 153419K [0x00000000e0000000, 0x00000000ff980000, 0x0000000100000000)
  eden space 440320K, 32% used [0x00000000e0000000,0x00000000e8ab33c0,0x00000000fae00000)
  from space 38400K, 29% used [0x00000000fae00000,0x00000000fb91f9f8,0x00000000fd380000)
  to   space 38912K, 0% used [0x00000000fd380000,0x00000000fd380000,0x00000000ff980000)
 ParOldGen       total 178688K, used 67497K [0x00000000a0000000, 0x00000000aae80000, 0x00000000e0000000)
  object space 178688K, 37% used [0x00000000a0000000,0x00000000a41ea6f8,0x00000000aae80000)
 Metaspace       used 94503K, capacity 99060K, committed 102784K, reserved 1138688K
  class space    used 12224K, capacity 13112K, committed 13952K, reserved 1048576K

Card table byte_map: [0x0000000011fe0000,0x00000000122f0000] byte_map_base: 0x0000000011ae0000

Marking Bits: (ParMarkBitMap*) 0x0000000062399f30
 Begin Bits: [0x0000000012ef0000, 0x00000000146f0000)
 End Bits:   [0x00000000146f0000, 0x0000000015ef0000)

Polling page: 0x0000000000b80000

CodeCache: size=245760Kb used=50380Kb max_used=50380Kb free=195379Kb
 bounds [0x0000000002c20000, 0x0000000005d90000, 0x0000000011c20000]
 total_blobs=16039 nmethods=15139 adapters=812
 compilation: enabled

Compilation events (10 events):
Event: 3777.187 Thread 0x00000000182ca000 nmethod 18909 0x0000000005d87890 code [0x0000000005d87a00, 0x0000000005d87bc8]
Event: 3777.187 Thread 0x00000000182ca000 18915       2       java.util.stream.ForEachOps$ForEachOp$OfRef::evaluateSequential (7 bytes)
Event: 3777.187 Thread 0x00000000182ca000 nmethod 18915 0x0000000005d87cd0 code [0x0000000005d87e40, 0x0000000005d88008]
Event: 3777.187 Thread 0x00000000182ca000 18856       2       com.android.tools.r8.graph.k::<init> (36 bytes)
Event: 3777.188 Thread 0x00000000182ca000 nmethod 18856 0x0000000005d88110 code [0x0000000005d88260, 0x0000000005d88430]
Event: 3777.188 Thread 0x00000000182ca000 18857       2       com.android.tools.r8.graph.z0::a (59 bytes)
Event: 3777.188 Thread 0x00000000182ca000 nmethod 18857 0x0000000005d884d0 code [0x0000000005d88620, 0x0000000005d88770]
Event: 3777.188 Thread 0x00000000182ca000 18916       2       java.util.stream.ForEachOps$ForEachOp::getOpFlags (15 bytes)
Event: 3777.189 Thread 0x00000000182ca000 nmethod 18916 0x0000000005d88810 code [0x0000000005d88960, 0x0000000005d88ad0]
Event: 3777.189 Thread 0x00000000182ca000 18925       2       com.android.tools.r8.u.b.y::a (402 bytes)

GC Heap History (10 events):
Event: 3773.477 GC heap before
{Heap before GC invocations=23 (full 3):
 PSYoungGen      total 315392K, used 315148K [0x00000000e0000000, 0x00000000fa500000, 0x0000000100000000)
  eden space 277504K, 100% used [0x00000000e0000000,0x00000000f0f00000,0x00000000f0f00000)
  from space 37888K, 99% used [0x00000000f0f00000,0x00000000f33c3088,0x00000000f3400000)
  to   space 43008K, 0% used [0x00000000f7b00000,0x00000000f7b00000,0x00000000fa500000)
 ParOldGen       total 134656K, used 77855K [0x00000000a0000000, 0x00000000a8380000, 0x00000000e0000000)
  object space 134656K, 57% used [0x00000000a0000000,0x00000000a4c07e80,0x00000000a8380000)
 Metaspace       used 87300K, capacity 92574K, committed 92800K, reserved 1130496K
  class space    used 11327K, capacity 12384K, committed 12416K, reserved 1048576K
Event: 3773.520 GC heap after
Heap after GC invocations=23 (full 3):
 PSYoungGen      total 388096K, used 7719K [0x00000000e0000000, 0x00000000fb380000, 0x0000000100000000)
  eden space 345088K, 0% used [0x00000000e0000000,0x00000000e0000000,0x00000000f5100000)
  from space 43008K, 17% used [0x00000000f7b00000,0x00000000f8289df8,0x00000000fa500000)
  to   space 43008K, 0% used [0x00000000f5100000,0x00000000f5100000,0x00000000f7b00000)
 ParOldGen       total 134656K, used 106780K [0x00000000a0000000, 0x00000000a8380000, 0x00000000e0000000)
  object space 134656K, 79% used [0x00000000a0000000,0x00000000a6847040,0x00000000a8380000)
 Metaspace       used 87300K, capacity 92574K, committed 92800K, reserved 1130496K
  class space    used 11327K, capacity 12384K, committed 12416K, reserved 1048576K
}
Event: 3775.259 GC heap before
{Heap before GC invocations=24 (full 3):
 PSYoungGen      total 388096K, used 251808K [0x00000000e0000000, 0x00000000fb380000, 0x0000000100000000)
  eden space 345088K, 70% used [0x00000000e0000000,0x00000000eee5e5a0,0x00000000f5100000)
  from space 43008K, 17% used [0x00000000f7b00000,0x00000000f8289df8,0x00000000fa500000)
  to   space 43008K, 0% used [0x00000000f5100000,0x00000000f5100000,0x00000000f7b00000)
 ParOldGen       total 134656K, used 106780K [0x00000000a0000000, 0x00000000a8380000, 0x00000000e0000000)
  object space 134656K, 79% used [0x00000000a0000000,0x00000000a6847040,0x00000000a8380000)
 Metaspace       used 92116K, capacity 98506K, committed 98600K, reserved 1134592K
  class space    used 12141K, capacity 13362K, committed 13440K, reserved 1048576K
Event: 3775.274 GC heap after
Heap after GC invocations=24 (full 3):
 PSYoungGen      total 388096K, used 16521K [0x00000000e0000000, 0x00000000ffb00000, 0x0000000100000000)
  eden space 345088K, 0% used [0x00000000e0000000,0x00000000e0000000,0x00000000f5100000)
  from space 43008K, 38% used [0x00000000f5100000,0x00000000f6122460,0x00000000f7b00000)
  to   space 40448K, 0% used [0x00000000fd380000,0x00000000fd380000,0x00000000ffb00000)
 ParOldGen       total 134656K, used 112047K [0x00000000a0000000, 0x00000000a8380000, 0x00000000e0000000)
  object space 134656K, 83% used [0x00000000a0000000,0x00000000a6d6bdd8,0x00000000a8380000)
 Metaspace       used 92116K, capacity 98506K, committed 98600K, reserved 1134592K
  class space    used 12141K, capacity 13362K, committed 13440K, reserved 1048576K
}
Event: 3775.274 GC heap before
{Heap before GC invocations=25 (full 4):
 PSYoungGen      total 388096K, used 16521K [0x00000000e0000000, 0x00000000ffb00000, 0x0000000100000000)
  eden space 345088K, 0% used [0x00000000e0000000,0x00000000e0000000,0x00000000f5100000)
  from space 43008K, 38% used [0x00000000f5100000,0x00000000f6122460,0x00000000f7b00000)
  to   space 40448K, 0% used [0x00000000fd380000,0x00000000fd380000,0x00000000ffb00000)
 ParOldGen       total 134656K, used 112047K [0x00000000a0000000, 0x00000000a8380000, 0x00000000e0000000)
  object space 134656K, 83% used [0x00000000a0000000,0x00000000a6d6bdd8,0x00000000a8380000)
 Metaspace       used 92116K, capacity 98506K, committed 98600K, reserved 1134592K
  class space    used 12141K, capacity 13362K, committed 13440K, reserved 1048576K
Event: 3775.418 GC heap after
Heap after GC invocations=25 (full 4):
 PSYoungGen      total 388096K, used 0K [0x00000000e0000000, 0x00000000ffb00000, 0x0000000100000000)
  eden space 345088K, 0% used [0x00000000e0000000,0x00000000e0000000,0x00000000f5100000)
  from space 43008K, 0% used [0x00000000f5100000,0x00000000f5100000,0x00000000f7b00000)
  to   space 40448K, 0% used [0x00000000fd380000,0x00000000fd380000,0x00000000ffb00000)
 ParOldGen       total 178688K, used 58466K [0x00000000a0000000, 0x00000000aae80000, 0x00000000e0000000)
  object space 178688K, 32% used [0x00000000a0000000,0x00000000a3918830,0x00000000aae80000)
 Metaspace       used 89525K, capacity 92394K, committed 98600K, reserved 1134592K
  class space    used 11424K, capacity 12069K, committed 13440K, reserved 1048576K
}
Event: 3776.334 GC heap before
{Heap before GC invocations=26 (full 4):
 PSYoungGen      total 388096K, used 345088K [0x00000000e0000000, 0x00000000ffb00000, 0x0000000100000000)
  eden space 345088K, 100% used [0x00000000e0000000,0x00000000f5100000,0x00000000f5100000)
  from space 43008K, 0% used [0x00000000f5100000,0x00000000f5100000,0x00000000f7b00000)
  to   space 40448K, 0% used [0x00000000fd380000,0x00000000fd380000,0x00000000ffb00000)
 ParOldGen       total 178688K, used 58466K [0x00000000a0000000, 0x00000000aae80000, 0x00000000e0000000)
  object space 178688K, 32% used [0x00000000a0000000,0x00000000a3918830,0x00000000aae80000)
 Metaspace       used 94157K, capacity 98684K, committed 102144K, reserved 1138688K
  class space    used 12214K, capacity 13080K, committed 13824K, reserved 1048576K
Event: 3776.347 GC heap after
Heap after GC invocations=26 (full 4):
 PSYoungGen      total 479232K, used 16509K [0x00000000e0000000, 0x00000000ff980000, 0x0000000100000000)
  eden space 440320K, 0% used [0x00000000e0000000,0x00000000e0000000,0x00000000fae00000)
  from space 38912K, 42% used [0x00000000fd380000,0x00000000fe39f610,0x00000000ff980000)
  to   space 38400K, 0% used [0x00000000fae00000,0x00000000fae00000,0x00000000fd380000)
 ParOldGen       total 178688K, used 58474K [0x00000000a0000000, 0x00000000aae80000, 0x00000000e0000000)
  object space 178688K, 32% used [0x00000000a0000000,0x00000000a391a830,0x00000000aae80000)
 Metaspace       used 94157K, capacity 98684K, committed 102144K, reserved 1138688K
  class space    used 12214K, capacity 13080K, committed 13824K, reserved 1048576K
}
Event: 3777.004 GC heap before
{Heap before GC invocations=27 (full 4):
 PSYoungGen      total 479232K, used 456829K [0x00000000e0000000, 0x00000000ff980000, 0x0000000100000000)
  eden space 440320K, 100% used [0x00000000e0000000,0x00000000fae00000,0x00000000fae00000)
  from space 38912K, 42% used [0x00000000fd380000,0x00000000fe39f610,0x00000000ff980000)
  to   space 38400K, 0% used [0x00000000fae00000,0x00000000fae00000,0x00000000fd380000)
 ParOldGen       total 178688K, used 58474K [0x00000000a0000000, 0x00000000aae80000, 0x00000000e0000000)
  object space 178688K, 32% used [0x00000000a0000000,0x00000000a391a830,0x00000000aae80000)
 Metaspace       used 94409K, capacity 98912K, committed 102528K, reserved 1138688K
  class space    used 12224K, capacity 13112K, committed 13952K, reserved 1048576K
Event: 3777.022 GC heap after
Heap after GC invocations=27 (full 4):
 PSYoungGen      total 478720K, used 11390K [0x00000000e0000000, 0x00000000ff980000, 0x0000000100000000)
  eden space 440320K, 0% used [0x00000000e0000000,0x00000000e0000000,0x00000000fae00000)
  from space 38400K, 29% used [0x00000000fae00000,0x00000000fb91f9f8,0x00000000fd380000)
  to   space 38912K, 0% used [0x00000000fd380000,0x00000000fd380000,0x00000000ff980000)
 ParOldGen       total 178688K, used 67497K [0x00000000a0000000, 0x00000000aae80000, 0x00000000e0000000)
  object space 178688K, 37% used [0x00000000a0000000,0x00000000a41ea6f8,0x00000000aae80000)
 Metaspace       used 94409K, capacity 98912K, committed 102528K, reserved 1138688K
  class space    used 12224K, capacity 13112K, committed 13952K, reserved 1048576K
}

Deoptimization events (10 events):
Event: 3776.293 Thread 0x0000000019f95800 Uncommon trap: reason=unstable_if action=reinterpret pc=0x000000000565b1c4 method=com.android.tools.r8.graph.d0.a(C[BI)I @ 7
Event: 3776.316 Thread 0x0000000019f91800 Uncommon trap: reason=unstable_if action=reinterpret pc=0x0000000005c23748 method=com.android.tools.r8.ir.optimize.I.a(Lcom/android/tools/r8/u/b/d0;)Z @ 149
Event: 3776.355 Thread 0x0000000019f95800 Uncommon trap: reason=unstable_if action=reinterpret pc=0x0000000003feffa8 method=com.android.tools.r8.B.a.a.f.a(II[C)Ljava/lang/String; @ 32
Event: 3776.355 Thread 0x0000000019f95800 Uncommon trap: reason=unstable_if action=reinterpret pc=0x00000000058247b4 method=com.android.tools.r8.graph.d0.a(C)I @ 7
Event: 3776.595 Thread 0x00000000214ff000 Uncommon trap: reason=array_check action=maybe_recompile pc=0x00000000059173d4 method=java.util.TimSort.reverseRange([Ljava/lang/Object;II)V @ 27
Event: 3776.595 Thread 0x00000000214ff000 Uncommon trap: reason=array_check action=maybe_recompile pc=0x00000000059173d4 method=java.util.TimSort.reverseRange([Ljava/lang/Object;II)V @ 27
Event: 3776.669 Thread 0x00000000214f8000 Uncommon trap: reason=unstable_if action=reinterpret pc=0x00000000059d5ebc method=com.android.tools.r8.v.a.a.a.f.c0.get(I)Ljava/lang/Object; @ 85
Event: 3776.764 Thread 0x0000000019f95800 Uncommon trap: reason=unstable_if action=reinterpret pc=0x00000000059e0254 method=com.android.tools.r8.graph.d0.a([C)I @ 44
Event: 3777.027 Thread 0x00000000214fb000 Uncommon trap: reason=unstable_if action=reinterpret pc=0x0000000005a8be74 method=com.android.tools.r8.ir.regalloc.a.compareTo(Ljava/lang/Object;)I @ 81
Event: 3777.069 Thread 0x0000000022aee800 Uncommon trap: reason=unstable_if action=reinterpret pc=0x00000000052ee254 method=java.util.Collections$SetFromMap.add(Ljava/lang/Object;)Z @ 13

Classes redefined (0 events):
No events

Internal exceptions (10 events):
Event: 3776.583 Thread 0x0000000019f93000 Exception <a 'sun/nio/fs/WindowsException'> (0x00000000eb1248a8) thrown at [D:\src\AOSP-openjdk-cygwin\jdk8u\hotspot\src\share\vm\prims\jni.cpp, line 710]
Event: 3776.677 Thread 0x00000000214ff000 Exception <a 'sun/nio/fs/WindowsException'> (0x00000000ed2b7068) thrown at [D:\src\AOSP-openjdk-cygwin\jdk8u\hotspot\src\share\vm\prims\jni.cpp, line 710]
Event: 3776.713 Thread 0x00000000214ff000 Exception <a 'sun/nio/fs/WindowsException'> (0x00000000ed2d56d0) thrown at [D:\src\AOSP-openjdk-cygwin\jdk8u\hotspot\src\share\vm\prims\jni.cpp, line 710]
Event: 3776.726 Thread 0x00000000214ff800 Exception <a 'sun/nio/fs/WindowsException'> (0x00000000efddfba8) thrown at [D:\src\AOSP-openjdk-cygwin\jdk8u\hotspot\src\share\vm\prims\jni.cpp, line 710]
Event: 3776.737 Thread 0x00000000214ff800 Exception <a 'sun/nio/fs/WindowsException'> (0x00000000efdfdde8) thrown at [D:\src\AOSP-openjdk-cygwin\jdk8u\hotspot\src\share\vm\prims\jni.cpp, line 710]
Event: 3776.771 Thread 0x000000001e467800 Exception <a 'sun/nio/fs/WindowsException'> (0x00000000f1c5df48) thrown at [D:\src\AOSP-openjdk-cygwin\jdk8u\hotspot\src\share\vm\prims\jni.cpp, line 710]
Event: 3776.812 Thread 0x0000000019f91800 Exception <a 'sun/nio/fs/WindowsException'> (0x00000000f4b23f10) thrown at [D:\src\AOSP-openjdk-cygwin\jdk8u\hotspot\src\share\vm\prims\jni.cpp, line 710]
Event: 3776.839 Thread 0x00000000214ff000 Exception <a 'sun/nio/fs/WindowsException'> (0x00000000f5f33b78) thrown at [D:\src\AOSP-openjdk-cygwin\jdk8u\hotspot\src\share\vm\prims\jni.cpp, line 710]
Event: 3776.919 Thread 0x00000000214f9800 Exception <a 'sun/nio/fs/WindowsException'> (0x00000000f8bcac20) thrown at [D:\src\AOSP-openjdk-cygwin\jdk8u\hotspot\src\share\vm\prims\jni.cpp, line 710]
Event: 3776.937 Thread 0x0000000019f94800 Exception <a 'sun/nio/fs/WindowsException'> (0x00000000f70a2200) thrown at [D:\src\AOSP-openjdk-cygwin\jdk8u\hotspot\src\share\vm\prims\jni.cpp, line 710]

Events (10 events):
Event: 3777.027 Executing VM operation: RevokeBias done
Event: 3777.027 Executing VM operation: RevokeBias
Event: 3777.028 Executing VM operation: RevokeBias done
Event: 3777.028 Thread 0x00000000214fb000 DEOPT PACKING pc=0x0000000005a8be74 sp=0x0000000027d4a4e0
Event: 3777.028 Thread 0x00000000214fb000 DEOPT UNPACKING pc=0x0000000002c6557b sp=0x0000000027d4a490 mode 2
Event: 3777.069 Thread 0x0000000022aee800 Uncommon trap: trap_request=0xffffff65 fr.pc=0x00000000052ee254
Event: 3777.069 Thread 0x0000000022aee800 DEOPT PACKING pc=0x00000000052ee254 sp=0x000000002a86a1d0
Event: 3777.069 Thread 0x0000000022aee800 DEOPT UNPACKING pc=0x0000000002c6557b sp=0x000000002a86a1a8 mode 2
Event: 3777.171 Executing VM operation: ForceSafepoint
Event: 3777.172 Executing VM operation: ForceSafepoint done


Dynamic libraries:
0x00007ff70ef00000 - 0x00007ff70ef31000 	C:\Program Files\Android\Android Studio\jre\bin\java.exe
0x00007ffd60140000 - 0x00007ffd60330000 	C:\WINDOWS\SYSTEM32\ntdll.dll
0x00007ffd5fba0000 - 0x00007ffd5fc52000 	C:\WINDOWS\System32\KERNEL32.DLL
0x00007ffd5dca0000 - 0x00007ffd5df43000 	C:\WINDOWS\System32\KERNELBASE.dll
0x00007ffd5ff50000 - 0x00007ffd5fff3000 	C:\WINDOWS\System32\ADVAPI32.dll
0x00007ffd60000000 - 0x00007ffd6009e000 	C:\WINDOWS\System32\msvcrt.dll
0x00007ffd5fc60000 - 0x00007ffd5fcf7000 	C:\WINDOWS\System32\sechost.dll
0x00007ffd5e800000 - 0x00007ffd5e920000 	C:\WINDOWS\System32\RPCRT4.dll
0x00007ffd5e500000 - 0x00007ffd5e694000 	C:\WINDOWS\System32\USER32.dll
0x00007ffd5d490000 - 0x00007ffd5d4b1000 	C:\WINDOWS\System32\win32u.dll
0x00007ffd5fd00000 - 0x00007ffd5fd26000 	C:\WINDOWS\System32\GDI32.dll
0x00007ffd5d2a0000 - 0x00007ffd5d434000 	C:\WINDOWS\System32\gdi32full.dll
0x00007ffd5e0a0000 - 0x00007ffd5e13e000 	C:\WINDOWS\System32\msvcp_win.dll
0x00007ffd5d1a0000 - 0x00007ffd5d29a000 	C:\WINDOWS\System32\ucrtbase.dll
0x00007ffd4e4a0000 - 0x00007ffd4e725000 	C:\WINDOWS\WinSxS\amd64_microsoft.windows.common-controls_6595b64144ccf1df_6.0.18362.693_none_e6c1b3c11311d480\COMCTL32.dll
0x00007ffd5f7b0000 - 0x00007ffd5fae6000 	C:\WINDOWS\System32\combase.dll
0x00007ffd5e140000 - 0x00007ffd5e1c0000 	C:\WINDOWS\System32\bcryptPrimitives.dll
0x00007ffd5e7d0000 - 0x00007ffd5e7fe000 	C:\WINDOWS\System32\IMM32.DLL
0x0000000061a10000 - 0x0000000061ae2000 	C:\Program Files\Android\Android Studio\jre\jre\bin\msvcr100.dll
0x0000000061bd0000 - 0x0000000062416000 	C:\Program Files\Android\Android Studio\jre\jre\bin\server\jvm.dll
0x00007ffd5ebc0000 - 0x00007ffd5ebc8000 	C:\WINDOWS\System32\PSAPI.DLL
0x00007ffd573f0000 - 0x00007ffd573fa000 	C:\WINDOWS\SYSTEM32\VERSION.dll
0x00007ffd46dd0000 - 0x00007ffd46dd9000 	C:\WINDOWS\SYSTEM32\WSOCK32.dll
0x00007ffd59bd0000 - 0x00007ffd59bf4000 	C:\WINDOWS\SYSTEM32\WINMM.dll
0x00007ffd5f2d0000 - 0x00007ffd5f33f000 	C:\WINDOWS\System32\WS2_32.dll
0x00007ffd59ba0000 - 0x00007ffd59bcd000 	C:\WINDOWS\SYSTEM32\winmmbase.dll
0x00007ffd5d440000 - 0x00007ffd5d48a000 	C:\WINDOWS\System32\cfgmgr32.dll
0x00007ffd5a280000 - 0x00007ffd5a28f000 	C:\Program Files\Android\Android Studio\jre\jre\bin\verify.dll
0x00007ffd58a10000 - 0x00007ffd58a39000 	C:\Program Files\Android\Android Studio\jre\jre\bin\java.dll
0x00007ffd589f0000 - 0x00007ffd58a06000 	C:\Program Files\Android\Android Studio\jre\jre\bin\zip.dll
0x00007ffd5ebe0000 - 0x00007ffd5f2c6000 	C:\WINDOWS\System32\SHELL32.dll
0x00007ffd5e6a0000 - 0x00007ffd5e749000 	C:\WINDOWS\System32\shcore.dll
0x00007ffd5d4c0000 - 0x00007ffd5dc40000 	C:\WINDOWS\System32\windows.storage.dll
0x00007ffd5d0a0000 - 0x00007ffd5d0c9000 	C:\WINDOWS\System32\Wldp.dll
0x00007ffd5df50000 - 0x00007ffd5e099000 	C:\WINDOWS\System32\CRYPT32.dll
0x00007ffd5d080000 - 0x00007ffd5d092000 	C:\WINDOWS\System32\MSASN1.dll
0x00007ffd5dc40000 - 0x00007ffd5dc9c000 	C:\WINDOWS\System32\WINTRUST.dll
0x00007ffd5d000000 - 0x00007ffd5d023000 	C:\WINDOWS\System32\profapi.dll
0x00007ffd5d030000 - 0x00007ffd5d07a000 	C:\WINDOWS\System32\powrprof.dll
0x00007ffd5cfd0000 - 0x00007ffd5cfe0000 	C:\WINDOWS\System32\UMPDC.dll
0x00007ffd5fef0000 - 0x00007ffd5ff42000 	C:\WINDOWS\System32\shlwapi.dll
0x00007ffd5cfe0000 - 0x00007ffd5cff1000 	C:\WINDOWS\System32\kernel.appcore.dll
0x00007ffd5d180000 - 0x00007ffd5d197000 	C:\WINDOWS\System32\cryptsp.dll
0x00007ffd57780000 - 0x00007ffd5779a000 	C:\Program Files\Android\Android Studio\jre\jre\bin\net.dll
0x00007ffd4e1c0000 - 0x00007ffd4e395000 	C:\WINDOWS\SYSTEM32\urlmon.dll
0x00007ffd4ee30000 - 0x00007ffd4f0d6000 	C:\WINDOWS\SYSTEM32\iertutil.dll
0x00007ffd5ca40000 - 0x00007ffd5ca4c000 	C:\WINDOWS\SYSTEM32\CRYPTBASE.DLL
0x00007ffd5c870000 - 0x00007ffd5c8d7000 	C:\WINDOWS\system32\mswsock.dll
0x00007ffd57760000 - 0x00007ffd57773000 	C:\Program Files\Android\Android Studio\jre\jre\bin\nio.dll
0x00007ffd36660000 - 0x00007ffd36686000 	C:\Users\M.S.I\.gradle\native\30\windows-amd64\native-platform.dll
0x00007ffd5a270000 - 0x00007ffd5a27d000 	C:\Program Files\Android\Android Studio\jre\jre\bin\management.dll
0x00007ffd5c3e0000 - 0x00007ffd5c413000 	C:\WINDOWS\system32\rsaenh.dll
0x00007ffd5e1c0000 - 0x00007ffd5e1e6000 	C:\WINDOWS\System32\bcrypt.dll
0x00007ffd5cef0000 - 0x00007ffd5cf15000 	C:\WINDOWS\SYSTEM32\USERENV.dll
0x00007ffd5c580000 - 0x00007ffd5c5ba000 	C:\WINDOWS\SYSTEM32\IPHLPAPI.DLL
0x00007ffd5e2e0000 - 0x00007ffd5e2e8000 	C:\WINDOWS\System32\NSI.dll
0x00007ffd56650000 - 0x00007ffd56666000 	C:\WINDOWS\SYSTEM32\dhcpcsvc6.DLL
0x00007ffd575d0000 - 0x00007ffd575ec000 	C:\WINDOWS\SYSTEM32\dhcpcsvc.DLL
0x00007ffd5c5c0000 - 0x00007ffd5c68a000 	C:\WINDOWS\SYSTEM32\DNSAPI.dll
0x00007ffd4d3b0000 - 0x00007ffd4d3d4000 	C:\Program Files\Android\Android Studio\jre\jre\bin\sunec.dll
0x00007ffd4cb40000 - 0x00007ffd4cb4a000 	C:\Windows\System32\rasadhlp.dll
0x00007ffd569f0000 - 0x00007ffd56a67000 	C:\WINDOWS\System32\fwpuclnt.dll
0x00007ffd589e0000 - 0x00007ffd589eb000 	C:\Program Files\Android\Android Studio\jre\jre\bin\sunmscapi.dll
0x00007ffd5c040000 - 0x00007ffd5c071000 	C:\WINDOWS\SYSTEM32\ntmarta.dll
0x00007ffd5b180000 - 0x00007ffd5b20f000 	C:\WINDOWS\system32\apphelp.dll

VM Arguments:
jvm_args: -Xmx1536m -Dfile.encoding=windows-1252 -Duser.country=US -Duser.language=en -Duser.variant 
java_command: org.gradle.launcher.daemon.bootstrap.GradleDaemon 5.6.4
java_class_path (initial): C:\Users\M.S.I\.gradle\wrapper\dists\gradle-5.6.4-all\ankdp27end7byghfw1q2sw75f\gradle-5.6.4\lib\gradle-launcher-5.6.4.jar
Launcher Type: SUN_STANDARD

Environment Variables:
PATH=C:\Program Files (x86)\Common Files\Intel\Shared Files\cpp\bin\Intel64;C:\Program Files (x86)\Intel\Intel(R) Management Engine Components\iCLS\;C:\Program Files\Intel\Intel(R) Management Engine Components\iCLS\;C:\Windows\system32;C:\Windows;C:\Windows\System32\Wbem;C:\Windows\System32\WindowsPowerShell\v1.0\;C:\Windows\System32\OpenSSH\;C:\Program Files\Intel\WiFi\bin\;C:\Program Files\Common Files\Intel\WirelessCommon\;C:\Program Files (x86)\Intel\Intel(R) Management Engine Components\DAL;C:\Program Files\Intel\Intel(R) Management Engine Components\DAL;C:\Program Files (x86)\Intel\Intel(R) Management Engine Components\IPT;C:\Program Files\Intel\Intel(R) Management Engine Components\IPT;C:\Program Files\NVIDIA Corporation\NVIDIA NvDLISR;C:\Program Files (x86)\NVIDIA Corporation\PhysX\Common;C:\WINDOWS\system32;C:\WINDOWS;C:\WINDOWS\System32\Wbem;C:\WINDOWS\System32\WindowsPowerShell\v1.0\;C:\WINDOWS\System32\OpenSSH\;C:\Program Files\Git\cmd;C:\wamp64\bin\php\php7.3.5;C:\ProgramData\ComposerSetup\bin;C:\Users\M.S.I\AppData\Local\Programs\Python\Python37-32\Scripts\;C:\Users\M.S.I\AppData\Local\Programs\Python\Python37-32\;C:\Users\M.S.I\AppData\Local\Microsoft\WindowsApps;C:\Program Files\heroku\bin;C:\Users\M.S.I\AppData\Roaming\Composer\vendor\bin;C:\Users\M.S.I\AppData\Roaming\TinyTeX\bin\win32
USERNAME=M.S.I
OS=Windows_NT
PROCESSOR_IDENTIFIER=Intel64 Family 6 Model 158 Stepping 10, GenuineIntel



---------------  S Y S T E M  ---------------

OS: Windows 10.0 , 64 bit Build 18362 (10.0.18362.329)

CPU:total 12 (initial active 12) (6 cores per cpu, 2 threads per core) family 6 model 158 stepping 10, cmov, cx8, fxsr, mmx, sse, sse2, sse3, ssse3, sse4.1, sse4.2, popcnt, avx, avx2, aes, clmul, erms, 3dnowpref, lzcnt, ht, tsc, tscinvbit, bmi1, bmi2, adx

Memory: 4k page, physical 8227792k(656636k free), swap 10173392k(5772k free)

vm_info: OpenJDK 64-Bit Server VM (25.212-b04) for windows-amd64 JRE (1.8.0_212-release-1586-b04), built by "builder" with MS VC++ 10.0 (VS2010)

time: Tue Mar 03 14:17:51 2020
timezone: SE Asia Standard Time
elapsed time: 3777 seconds (0d 1h 2m 57s)

